<?xml version="1.0" encoding="UTF-8"?>
<!-- Generated by org.testng.reporters.JUnitXMLReporter -->
<testsuite ignored="0" hostname="DESKTOP-JCJ8HOK" failures="0" tests="4" name="Test" time="0.265" errors="0" timestamp="02 Feb 2024 00:59:55 GMT">
  <testcase classname="testng.TestDependency" name="orange" time="0.106"/>
  <testcase classname="testng.TestDependency" name="white" time="0.004"/>
  <testcase classname="testng.TestDependency" name="blue" time="0.002">
    <skipped/>
  </testcase> <!-- blue -->
  <testcase classname="testng.TestDependency" name="green" time="0.0">
    <skipped/>
  </testcase> <!-- green -->
</testsuite> <!-- Test -->
