<?xml version="1.0" encoding="UTF-8"?>
<!-- Generated by org.testng.reporters.JUnitXMLReporter -->
<testsuite ignored="0" hostname="DESKTOP-JCJ8HOK" failures="0" tests="4" name="chromeTest" time="72.674" errors="0" timestamp="25 Jan 2024 01:18:57 GMT">
  <testcase classname="testng.RadioButton1" name="radioButtonTest" time="1.208"/>
  <testcase classname="testng.TNG_002" name="amazon" time="8.617"/>
  <testcase classname="testng.CheckBox1" name="checkboxTest" time="0.354"/>
  <testcase classname="testng.LinksTesting1" name="linktesting1" time="1.384"/>
</testsuite> <!-- chromeTest -->
