<?xml version="1.0" encoding="UTF-8"?>
<!-- Generated by org.testng.reporters.JUnitXMLReporter -->
<testsuite ignored="0" hostname="DESKTOP-JCJ8HOK" failures="0" tests="4" name="firefoxTest" time="98.353" errors="0" timestamp="25 Jan 2024 01:20:36 GMT">
  <testcase classname="testng.RadioButton1" name="radioButtonTest" time="0.438"/>
  <testcase classname="testng.TNG_002" name="amazon" time="6.643"/>
  <testcase classname="testng.CheckBox1" name="checkboxTest" time="0.642"/>
  <testcase classname="testng.LinksTesting1" name="linktesting1" time="3.754"/>
</testsuite> <!-- firefoxTest -->
