<?xml version="1.0" encoding="UTF-8"?>
<!-- Generated by org.testng.reporters.JUnitXMLReporter -->
<testsuite ignored="0" hostname="DESKTOP-JCJ8HOK" failures="0" tests="4" name="smokeTest" time="129.418" errors="0" timestamp="25 Jan 2024 01:15:34 GMT">
  <testcase classname="testng.RadioButton1" name="radioButtonTest" time="0.683"/>
  <testcase classname="testng.TNG_002" name="amazon" time="9.468"/>
  <testcase classname="testng.CheckBox1" name="checkboxTest" time="0.86"/>
  <testcase classname="testng.LinksTesting1" name="linktesting1" time="2.841"/>
</testsuite> <!-- smokeTest -->
