<?xml version="1.0" encoding="UTF-8"?>
<!-- Generated by org.testng.reporters.JUnitXMLReporter -->
<testsuite ignored="1" hostname="DESKTOP-JCJ8HOK" failures="0" tests="3" name="AutomationTest" time="0.158" errors="0" timestamp="24 Jan 2024 01:27:29 GMT">
  <testcase classname="testng.NewTest" name="f" time="0.026"/>
  <testcase classname="testng.TNG_001" name="f" time="0.005"/>
  <testcase classname="testng.TNG_001" name="z" time="0.004"/>
  <testcase classname="testng.TNG_001" name="a" time="0.0">
    <ignored/>
  </testcase> <!-- a -->
</testsuite> <!-- AutomationTest -->
