<?xml version="1.0" encoding="UTF-8"?>
<!-- Generated by org.testng.reporters.JUnitXMLReporter -->
<testsuite ignored="0" hostname="DESKTOP-JCJ8HOK" failures="0" tests="4" name="Default test" time="0.233" errors="0" timestamp="02 Feb 2024 00:52:42 GMT">
  <testcase classname="testng.TestDependency" name="orange" time="0.065"/>
  <testcase classname="testng.TestDependency" name="white" time="0.003"/>
  <testcase classname="testng.TestDependency" name="blue" time="0.006"/>
  <testcase classname="testng.TestDependency" name="green" time="0.006"/>
</testsuite> <!-- Default test -->
